<?xml version="1.0" encoding="UTF-8"?>
<testsuites name="jest tests" tests="5" failures="0" errors="0" time="1.528">
  <testsuite name="CartProvider" errors="0" failures="0" skipped="0" timestamp="2023-06-01T20:19:26" time="1.176" tests="5">
    <testcase classname="CartProvider adds items to cart correctly" name="CartProvider adds items to cart correctly" time="0.264">
    </testcase>
    <testcase classname="CartProvider removes items from cart correctly" name="CartProvider removes items from cart correctly" time="0.014">
    </testcase>
    <testcase classname="CartProvider increments and decrements item quantity correctly" name="CartProvider increments and decrements item quantity correctly" time="0.021">
    </testcase>
    <testcase classname="CartProvider increments quantity if item is already in cart" name="CartProvider increments quantity if item is already in cart" time="0.008">
    </testcase>
    <testcase classname="CartProvider fetches cart items from Firebase" name="CartProvider fetches cart items from Firebase" time="0">
    </testcase>
  </testsuite>
</testsuites>