<?xml version="1.0" encoding="UTF-8"?>
<testsuites name="jest tests" tests="6" failures="0" errors="0" time="1.243">
  <testsuite name="Cart component" errors="0" failures="0" skipped="0" timestamp="2023-06-01T18:24:30" time="0.888" tests="6">
    <testcase classname="Cart component renders the cart items correctly" name="Cart component renders the cart items correctly" time="0.042">
    </testcase>
    <testcase classname="Cart component renders the total price correctly" name="Cart component renders the total price correctly" time="0.006">
    </testcase>
    <testcase classname="Cart component increments quantity when &quot;+&quot; is clicked" name="Cart component increments quantity when &quot;+&quot; is clicked" time="0.01">
    </testcase>
    <testcase classname="Cart component decrements quantity when &quot;-&quot; is clicked" name="Cart component decrements quantity when &quot;-&quot; is clicked" time="0.005">
    </testcase>
    <testcase classname="Cart component removes item when &quot;Remove&quot; is clicked" name="Cart component removes item when &quot;Remove&quot; is clicked" time="0.005">
    </testcase>
    <testcase classname="Cart component disables &quot;Proceed to Checkout&quot; button when no items in cart" name="Cart component disables &quot;Proceed to Checkout&quot; button when no items in cart" time="0.008">
    </testcase>
  </testsuite>
</testsuites>