<?xml version="1.0" encoding="UTF-8"?>
<testsuites name="jest tests" tests="28" failures="0" errors="0" time="68.509">
  <testsuite name="Login Component" errors="0" failures="0" skipped="0" timestamp="2023-04-27T06:34:43" time="22.614" tests="5">
    <testcase classname="Login Component renders Login form" name="Login Component renders Login form" time="0.24">
    </testcase>
    <testcase classname="Login Component submitting empty form shows validation errors" name="Login Component submitting empty form shows validation errors" time="0.879">
    </testcase>
    <testcase classname="Login Component submitting short password form shows validation error" name="Login Component submitting short password form shows validation error" time="0.142">
    </testcase>
    <testcase classname="Login Component submitting valid form calls SignIn function" name="Login Component submitting valid form calls SignIn function" time="0.001">
    </testcase>
    <testcase classname="Login Component clicking on &quot;Register&quot; button navigates to registration page" name="Login Component clicking on &quot;Register&quot; button navigates to registration page" time="0.001">
    </testcase>
  </testsuite>
  <testsuite name="Register" errors="0" failures="0" skipped="0" timestamp="2023-04-27T06:35:08" time="7.744" tests="2">
    <testcase classname="Register should invalidate empty name field" name="Register should invalidate empty name field" time="0.546">
    </testcase>
    <testcase classname="Register should invalidate empty fields" name="Register should invalidate empty fields" time="0.268">
    </testcase>
  </testsuite>
  <testsuite name="CategoryList" errors="0" failures="0" skipped="0" timestamp="2023-04-27T06:35:16" time="5.775" tests="2">
    <testcase classname="CategoryList renders all categories" name="CategoryList renders all categories" time="0.174">
    </testcase>
    <testcase classname="CategoryList filters products by category when clicked" name="CategoryList filters products by category when clicked" time="0.338">
    </testcase>
  </testsuite>
  <testsuite name="undefined" errors="0" failures="0" skipped="0" timestamp="2023-04-27T06:35:22" time="4.345" tests="1">
    <testcase classname=" renders GoonMart logo" name=" renders GoonMart logo" time="0.55">
    </testcase>
  </testsuite>
  <testsuite name="InnerHomepage" errors="0" failures="0" skipped="0" timestamp="2023-04-27T06:35:26" time="3.532" tests="4">
    <testcase classname="InnerHomepage renders InnerNavigationBar component" name="InnerHomepage renders InnerNavigationBar component" time="0.38">
    </testcase>
    <testcase classname="InnerHomepage renders Categories component" name="InnerHomepage renders Categories component" time="0.387">
    </testcase>
    <testcase classname="InnerHomepage renders ProductGrid component" name="InnerHomepage renders ProductGrid component" time="0.258">
    </testcase>
    <testcase classname="InnerHomepage renders ProductCard component" name="InnerHomepage renders ProductCard component" time="0.244">
    </testcase>
  </testsuite>
  <testsuite name="ProductPage component" errors="0" failures="0" skipped="0" timestamp="2023-04-27T06:35:30" time="3.236" tests="2">
    <testcase classname="ProductPage component renders product details correctly" name="ProductPage component renders product details correctly" time="0.75">
    </testcase>
    <testcase classname="ProductPage component changes active image when thumbnail is clicked" name="ProductPage component changes active image when thumbnail is clicked" time="0.001">
    </testcase>
  </testsuite>
  <testsuite name="NavigationBar" errors="0" failures="0" skipped="0" timestamp="2023-04-27T06:35:34" time="2.955" tests="4">
    <testcase classname="NavigationBar renders the GoonMart logo" name="NavigationBar renders the GoonMart logo" time="0.092">
    </testcase>
    <testcase classname="NavigationBar renders the search input" name="NavigationBar renders the search input" time="0.043">
    </testcase>
    <testcase classname="NavigationBar renders the search button with FaSearch icon" name="NavigationBar renders the search button with FaSearch icon" time="0.048">
    </testcase>
    <testcase classname="NavigationBar renders the LOGIN and REGISTER buttons" name="NavigationBar renders the LOGIN and REGISTER buttons" time="0.049">
    </testcase>
  </testsuite>
  <testsuite name="WelcomeSection" errors="0" failures="0" skipped="0" timestamp="2023-04-27T06:35:37" time="2.325" tests="2">
    <testcase classname="WelcomeSection renders the welcome message" name="WelcomeSection renders the welcome message" time="0.053">
    </testcase>
    <testcase classname="WelcomeSection renders the happy shopping message" name="WelcomeSection renders the happy shopping message" time="0.047">
    </testcase>
  </testsuite>
  <testsuite name="ProductCard" errors="0" failures="0" skipped="0" timestamp="2023-04-27T06:35:39" time="2.525" tests="6">
    <testcase classname="ProductCard renders product image with correct alt text" name="ProductCard renders product image with correct alt text" time="0.102">
    </testcase>
    <testcase classname="ProductCard renders product name, rating, reviews, and price" name="ProductCard renders product name, rating, reviews, and price" time="0.05">
    </testcase>
    <testcase classname="ProductCard renders the number of reviews with &quot;reviews&quot; appended" name="ProductCard renders the number of reviews with &quot;reviews&quot; appended" time="0.014">
    </testcase>
    <testcase classname="ProductCard renders the correct number of stars" name="ProductCard renders the correct number of stars" time="0.015">
    </testcase>
    <testcase classname="ProductCard renders the image and name" name="ProductCard renders the image and name" time="0.031">
    </testcase>
    <testcase classname="ProductCard renders the price with a dollar sign and two decimal places" name="ProductCard renders the price with a dollar sign and two decimal places" time="0.019">
    </testcase>
  </testsuite>
</testsuites>