<?xml version="1.0" encoding="UTF-8"?>
<testsuites name="jest tests" tests="28" failures="0" errors="0" time="4.455">
  <testsuite name="Login Component" errors="0" failures="0" skipped="0" timestamp="2023-04-25T21:53:51" time="1.173" tests="5">
    <testcase classname="Login Component renders Login form" name="Login Component renders Login form" time="0.032">
    </testcase>
    <testcase classname="Login Component submitting empty form shows validation errors" name="Login Component submitting empty form shows validation errors" time="0.09">
    </testcase>
    <testcase classname="Login Component submitting short password form shows validation error" name="Login Component submitting short password form shows validation error" time="0.014">
    </testcase>
    <testcase classname="Login Component submitting valid form calls SignIn function" name="Login Component submitting valid form calls SignIn function" time="0">
    </testcase>
    <testcase classname="Login Component clicking on &quot;Register&quot; button navigates to registration page" name="Login Component clicking on &quot;Register&quot; button navigates to registration page" time="0.001">
    </testcase>
  </testsuite>
  <testsuite name="CategoryList" errors="0" failures="0" skipped="0" timestamp="2023-04-25T21:53:52" time="0.589" tests="2">
    <testcase classname="CategoryList renders all categories" name="CategoryList renders all categories" time="0.026">
    </testcase>
    <testcase classname="CategoryList filters products by category when clicked" name="CategoryList filters products by category when clicked" time="0.049">
    </testcase>
  </testsuite>
  <testsuite name="Register" errors="0" failures="0" skipped="0" timestamp="2023-04-25T21:53:53" time="0.468" tests="2">
    <testcase classname="Register should invalidate empty name field" name="Register should invalidate empty name field" time="0.069">
    </testcase>
    <testcase classname="Register should invalidate empty fields" name="Register should invalidate empty fields" time="0.017">
    </testcase>
  </testsuite>
  <testsuite name="undefined" errors="0" failures="0" skipped="0" timestamp="2023-04-25T21:53:54" time="0.445" tests="1">
    <testcase classname=" renders GoonMart logo" name=" renders GoonMart logo" time="0.049">
    </testcase>
  </testsuite>
  <testsuite name="InnerHomepage" errors="0" failures="0" skipped="0" timestamp="2023-04-25T21:53:54" time="0.369" tests="4">
    <testcase classname="InnerHomepage renders InnerNavigationBar component" name="InnerHomepage renders InnerNavigationBar component" time="0.044">
    </testcase>
    <testcase classname="InnerHomepage renders Categories component" name="InnerHomepage renders Categories component" time="0.026">
    </testcase>
    <testcase classname="InnerHomepage renders ProductGrid component" name="InnerHomepage renders ProductGrid component" time="0.023">
    </testcase>
    <testcase classname="InnerHomepage renders ProductCard component" name="InnerHomepage renders ProductCard component" time="0.02">
    </testcase>
  </testsuite>
  <testsuite name="ProductPage component" errors="0" failures="0" skipped="0" timestamp="2023-04-25T21:53:54" time="0.228" tests="2">
    <testcase classname="ProductPage component renders product details correctly" name="ProductPage component renders product details correctly" time="0.031">
    </testcase>
    <testcase classname="ProductPage component changes active image when thumbnail is clicked" name="ProductPage component changes active image when thumbnail is clicked" time="0">
    </testcase>
  </testsuite>
  <testsuite name="NavigationBar" errors="0" failures="0" skipped="0" timestamp="2023-04-25T21:53:55" time="0.193" tests="4">
    <testcase classname="NavigationBar renders the GoonMart logo" name="NavigationBar renders the GoonMart logo" time="0.015">
    </testcase>
    <testcase classname="NavigationBar renders the search input" name="NavigationBar renders the search input" time="0.003">
    </testcase>
    <testcase classname="NavigationBar renders the search button with FaSearch icon" name="NavigationBar renders the search button with FaSearch icon" time="0.003">
    </testcase>
    <testcase classname="NavigationBar renders the LOGIN and REGISTER buttons" name="NavigationBar renders the LOGIN and REGISTER buttons" time="0.004">
    </testcase>
  </testsuite>
  <testsuite name="ProductCard" errors="0" failures="0" skipped="0" timestamp="2023-04-25T21:53:55" time="0.184" tests="6">
    <testcase classname="ProductCard renders product image with correct alt text" name="ProductCard renders product image with correct alt text" time="0.013">
    </testcase>
    <testcase classname="ProductCard renders product name, rating, reviews, and price" name="ProductCard renders product name, rating, reviews, and price" time="0.004">
    </testcase>
    <testcase classname="ProductCard renders the number of reviews with &quot;reviews&quot; appended" name="ProductCard renders the number of reviews with &quot;reviews&quot; appended" time="0.002">
    </testcase>
    <testcase classname="ProductCard renders the correct number of stars" name="ProductCard renders the correct number of stars" time="0.002">
    </testcase>
    <testcase classname="ProductCard renders the image and name" name="ProductCard renders the image and name" time="0.002">
    </testcase>
    <testcase classname="ProductCard renders the price with a dollar sign and two decimal places" name="ProductCard renders the price with a dollar sign and two decimal places" time="0.002">
    </testcase>
  </testsuite>
  <testsuite name="WelcomeSection" errors="0" failures="0" skipped="0" timestamp="2023-04-25T21:53:55" time="0.171" tests="2">
    <testcase classname="WelcomeSection renders the welcome message" name="WelcomeSection renders the welcome message" time="0.012">
    </testcase>
    <testcase classname="WelcomeSection renders the happy shopping message" name="WelcomeSection renders the happy shopping message" time="0.002">
    </testcase>
  </testsuite>
</testsuites>