<?xml version="1.0" encoding="UTF-8"?>
<testsuites name="jest tests" tests="4" failures="0" errors="0" time="2.417">
  <testsuite name="Checkout component" errors="0" failures="0" skipped="0" timestamp="2023-06-01T21:33:32" time="2.025" tests="4">
    <testcase classname="Checkout component submits the form and adds the order to the database" name="Checkout component submits the form and adds the order to the database" time="0.148">
    </testcase>
    <testcase classname="Checkout component displays error messages for invalid form inputs" name="Checkout component displays error messages for invalid form inputs" time="0.019">
    </testcase>
    <testcase classname="Checkout component redirects to the &quot;Orders&quot; page after a successful purchase" name="Checkout component redirects to the &quot;Orders&quot; page after a successful purchase" time="0.009">
    </testcase>
    <testcase classname="addOrderToDB function posts an order to the database" name="addOrderToDB function posts an order to the database" time="1.1">
    </testcase>
  </testsuite>
</testsuites>